955
 955        
 955
 955
 955
 955
 955
 955
 955
 955
 943 
  943
   943
    943
     943
      943
       943
        943
         943
          943       
 944
  944
   944
    944
     944
      944
       944
        944
        
 944        
 939 
  939 
   939 
    939 
     939 
      939 
       939 
        939 
         939  
          939        
  943 
  943 
   943 
    943 
     943 
      943 
       943 
        943   
         943 
         943  
 946
  946 
   946 
    946 
     946 
      946 
       946 
        946 
        946 
         946     
 936
  936 
   936 
    936 
     936 
      936 
       936 
        936 
         936 
          936     
 943
  943
   943
    943
     943
      943
       943
        943
         943
          943
           943 
            943
             943
              943
               943
                943
                 943
                  943
                   943
                    943           
 940
 940
 940
 940
 940
 940
 940
 940
 940
 940
       

